int: (24, -1)
{: (17, -1)
a: (0, 1)
}: (18, -1)
endline: (39, -1)
READ: (32, -1)
a: (0, 1)
endline: (39, -1)
if: (29, -1)
(: (19, -1)
a: (0, 1)
==: (11, -1)
2: (1, 2)
): (20, -1)
endline: (39, -1)
BEGIN: (34, -1)
endline: (39, -1)
PRINT: (33, -1)
true: (37, -1)
endline: (39, -1)
STOP: (36, -1)
endline: (39, -1)
END: (35, -1)
endline: (39, -1)
if: (29, -1)
(: (19, -1)
a: (0, 1)
%: (6, -1)
2: (1, 2)
==: (11, -1)
0: (1, 3)
): (20, -1)
endline: (39, -1)
BEGIN: (34, -1)
endline: (39, -1)
PRINT: (33, -1)
false: (38, -1)
endline: (39, -1)
STOP: (36, -1)
endline: (39, -1)
END: (35, -1)
endline: (39, -1)
int: (24, -1)
{: (17, -1)
i: (0, 4)
}: (18, -1)
endline: (39, -1)
i: (0, 4)
=: (10, -1)
3: (1, 5)
endline: (39, -1)
while: (30, -1)
(: (19, -1)
i: (0, 4)
*: (4, -1)
i: (0, 4)
<: (15, -1)
a: (0, 1)
): (20, -1)
endline: (39, -1)
BEGIN: (34, -1)
endline: (39, -1)
if: (29, -1)
(: (19, -1)
a: (0, 1)
%: (6, -1)
i: (0, 4)
==: (11, -1)
0: (1, 3)
): (20, -1)
endline: (39, -1)
BEGIN: (34, -1)
endline: (39, -1)
PRINT: (33, -1)
false: (38, -1)
endline: (39, -1)
STOP: (36, -1)
endline: (39, -1)
END: (35, -1)
endline: (39, -1)
i: (0, 4)
=: (10, -1)
i: (0, 4)
+: (2, -1)
2: (1, 2)
endline: (39, -1)
END: (35, -1)
endline: (39, -1)
PRINT: (33, -1)
true: (37, -1)
endline: (39, -1)
